[2025-03-01 17:13:46.346] [139512] [HailoRT] [info] [hef.cpp:1929] [get_network_group_and_network_name] No name was given. Addressing all networks of default network_group: yolov10n
[2025-03-01 17:13:46.347] [139512] [HailoRT] [info] [hef.cpp:1929] [get_network_group_and_network_name] No name was given. Addressing all networks of default network_group: yolov10n
[2025-03-01 17:13:46.446] [139512] [HailoRT] [info] [hef.cpp:1929] [get_network_group_and_network_name] No name was given. Addressing all networks of default network_group: yolov10n
[2025-03-01 17:13:46.447] [139512] [HailoRT] [info] [hef.cpp:1929] [get_network_group_and_network_name] No name was given. Addressing all networks of default network_group: yolov10n
[2025-03-01 17:13:46.547] [139512] [HailoRT] [info] [hef.cpp:1929] [get_network_group_and_network_name] No name was given. Addressing all networks of default network_group: yolov10n
[2025-03-01 17:13:46.547] [139512] [HailoRT] [info] [hef.cpp:1929] [get_network_group_and_network_name] No name was given. Addressing all networks of default network_group: yolov10n
[2025-03-01 17:13:46.647] [139512] [HailoRT] [info] [hef.cpp:1929] [get_network_group_and_network_name] No name was given. Addressing all networks of default network_group: yolov10n
[2025-03-01 17:13:46.647] [139512] [HailoRT] [info] [hef.cpp:1929] [get_network_group_and_network_name] No name was given. Addressing all networks of default network_group: yolov10n
[2025-03-01 17:13:46.747] [139512] [HailoRT] [info] [hef.cpp:1929] [get_network_group_and_network_name] No name was given. Addressing all networks of default network_group: yolov10n
[2025-03-01 17:13:46.747] [139512] [HailoRT] [info] [hef.cpp:1929] [get_network_group_and_network_name] No name was given. Addressing all networks of default network_group: yolov10n
[2025-03-01 17:13:46.847] [139512] [HailoRT] [info] [hef.cpp:1929] [get_network_group_and_network_name] No name was given. Addressing all networks of default network_group: yolov10n
[2025-03-01 17:13:46.847] [139512] [HailoRT] [info] [hef.cpp:1929] [get_network_group_and_network_name] No name was given. Addressing all networks of default network_group: yolov10n
[2025-03-01 17:13:46.948] [139512] [HailoRT] [info] [hef.cpp:1929] [get_network_group_and_network_name] No name was given. Addressing all networks of default network_group: yolov10n
[2025-03-01 17:13:46.948] [139512] [HailoRT] [info] [hef.cpp:1929] [get_network_group_and_network_name] No name was given. Addressing all networks of default network_group: yolov10n
[2025-03-01 17:13:47.048] [139512] [HailoRT] [info] [hef.cpp:1929] [get_network_group_and_network_name] No name was given. Addressing all networks of default network_group: yolov10n
[2025-03-01 17:13:47.048] [139512] [HailoRT] [info] [hef.cpp:1929] [get_network_group_and_network_name] No name was given. Addressing all networks of default network_group: yolov10n
[2025-03-01 17:13:47.148] [139512] [HailoRT] [info] [hef.cpp:1929] [get_network_group_and_network_name] No name was given. Addressing all networks of default network_group: yolov10n
[2025-03-01 17:13:47.148] [139512] [HailoRT] [info] [hef.cpp:1929] [get_network_group_and_network_name] No name was given. Addressing all networks of default network_group: yolov10n
[2025-03-01 17:13:47.289] [139512] [HailoRT] [info] [hef.cpp:1929] [get_network_group_and_network_name] No name was given. Addressing all networks of default network_group: yolov10n
[2025-03-01 17:13:47.289] [139512] [HailoRT] [info] [hef.cpp:1929] [get_network_group_and_network_name] No name was given. Addressing all networks of default network_group: yolov10n
[2025-03-01 17:13:47.386] [139512] [HailoRT] [info] [hef.cpp:1929] [get_network_group_and_network_name] No name was given. Addressing all networks of default network_group: yolov10n
[2025-03-01 17:13:47.386] [139512] [HailoRT] [info] [hef.cpp:1929] [get_network_group_and_network_name] No name was given. Addressing all networks of default network_group: yolov10n
[2025-03-01 17:13:47.486] [139512] [HailoRT] [info] [hef.cpp:1929] [get_network_group_and_network_name] No name was given. Addressing all networks of default network_group: yolov10n
[2025-03-01 17:13:47.486] [139512] [HailoRT] [info] [hef.cpp:1929] [get_network_group_and_network_name] No name was given. Addressing all networks of default network_group: yolov10n
[2025-03-01 17:13:47.586] [139512] [HailoRT] [info] [hef.cpp:1929] [get_network_group_and_network_name] No name was given. Addressing all networks of default network_group: yolov10n
[2025-03-01 17:13:47.586] [139512] [HailoRT] [info] [hef.cpp:1929] [get_network_group_and_network_name] No name was given. Addressing all networks of default network_group: yolov10n
[2025-03-01 17:13:47.685] [139512] [HailoRT] [info] [hef.cpp:1929] [get_network_group_and_network_name] No name was given. Addressing all networks of default network_group: yolov10n
[2025-03-01 17:13:47.686] [139512] [HailoRT] [info] [hef.cpp:1929] [get_network_group_and_network_name] No name was given. Addressing all networks of default network_group: yolov10n
[2025-03-01 17:13:47.787] [139512] [HailoRT] [info] [hef.cpp:1929] [get_network_group_and_network_name] No name was given. Addressing all networks of default network_group: yolov10n
[2025-03-01 17:13:47.787] [139512] [HailoRT] [info] [hef.cpp:1929] [get_network_group_and_network_name] No name was given. Addressing all networks of default network_group: yolov10n
[2025-03-01 17:13:47.887] [139512] [HailoRT] [info] [hef.cpp:1929] [get_network_group_and_network_name] No name was given. Addressing all networks of default network_group: yolov10n
[2025-03-01 17:13:47.887] [139512] [HailoRT] [info] [hef.cpp:1929] [get_network_group_and_network_name] No name was given. Addressing all networks of default network_group: yolov10n
[2025-03-01 17:13:47.988] [139512] [HailoRT] [info] [hef.cpp:1929] [get_network_group_and_network_name] No name was given. Addressing all networks of default network_group: yolov10n
[2025-03-01 17:13:47.988] [139512] [HailoRT] [info] [hef.cpp:1929] [get_network_group_and_network_name] No name was given. Addressing all networks of default network_group: yolov10n
[2025-03-01 17:13:48.087] [139512] [HailoRT] [info] [hef.cpp:1929] [get_network_group_and_network_name] No name was given. Addressing all networks of default network_group: yolov10n
[2025-03-01 17:13:48.087] [139512] [HailoRT] [info] [hef.cpp:1929] [get_network_group_and_network_name] No name was given. Addressing all networks of default network_group: yolov10n
[2025-03-01 17:13:48.187] [139512] [HailoRT] [info] [hef.cpp:1929] [get_network_group_and_network_name] No name was given. Addressing all networks of default network_group: yolov10n
[2025-03-01 17:13:48.188] [139512] [HailoRT] [info] [hef.cpp:1929] [get_network_group_and_network_name] No name was given. Addressing all networks of default network_group: yolov10n
[2025-03-01 17:13:48.289] [139512] [HailoRT] [info] [hef.cpp:1929] [get_network_group_and_network_name] No name was given. Addressing all networks of default network_group: yolov10n
[2025-03-01 17:13:48.289] [139512] [HailoRT] [info] [hef.cpp:1929] [get_network_group_and_network_name] No name was given. Addressing all networks of default network_group: yolov10n
[2025-03-01 17:13:48.389] [139512] [HailoRT] [info] [hef.cpp:1929] [get_network_group_and_network_name] No name was given. Addressing all networks of default network_group: yolov10n
[2025-03-01 17:13:48.389] [139512] [HailoRT] [info] [hef.cpp:1929] [get_network_group_and_network_name] No name was given. Addressing all networks of default network_group: yolov10n
[2025-03-01 17:13:48.488] [139512] [HailoRT] [info] [hef.cpp:1929] [get_network_group_and_network_name] No name was given. Addressing all networks of default network_group: yolov10n
[2025-03-01 17:13:48.488] [139512] [HailoRT] [info] [hef.cpp:1929] [get_network_group_and_network_name] No name was given. Addressing all networks of default network_group: yolov10n
[2025-03-01 17:13:48.595] [139512] [HailoRT] [info] [hef.cpp:1929] [get_network_group_and_network_name] No name was given. Addressing all networks of default network_group: yolov10n
[2025-03-01 17:13:48.595] [139512] [HailoRT] [info] [hef.cpp:1929] [get_network_group_and_network_name] No name was given. Addressing all networks of default network_group: yolov10n
[2025-03-01 17:13:48.690] [139512] [HailoRT] [info] [hef.cpp:1929] [get_network_group_and_network_name] No name was given. Addressing all networks of default network_group: yolov10n
[2025-03-01 17:13:48.691] [139512] [HailoRT] [info] [hef.cpp:1929] [get_network_group_and_network_name] No name was given. Addressing all networks of default network_group: yolov10n
[2025-03-01 17:13:48.789] [139512] [HailoRT] [info] [hef.cpp:1929] [get_network_group_and_network_name] No name was given. Addressing all networks of default network_group: yolov10n
[2025-03-01 17:13:48.789] [139512] [HailoRT] [info] [hef.cpp:1929] [get_network_group_and_network_name] No name was given. Addressing all networks of default network_group: yolov10n
[2025-03-01 17:13:48.888] [139512] [HailoRT] [info] [hef.cpp:1929] [get_network_group_and_network_name] No name was given. Addressing all networks of default network_group: yolov10n
[2025-03-01 17:13:48.889] [139512] [HailoRT] [info] [hef.cpp:1929] [get_network_group_and_network_name] No name was given. Addressing all networks of default network_group: yolov10n
[2025-03-01 17:13:48.949] [139512] [HailoRT] [info] [hef.cpp:1929] [get_network_group_and_network_name] No name was given. Addressing all networks of default network_group: yolov10n
[2025-03-01 17:13:48.949] [139512] [HailoRT] [info] [hef.cpp:1929] [get_network_group_and_network_name] No name was given. Addressing all networks of default network_group: yolov10n
[2025-03-01 17:13:49.049] [139512] [HailoRT] [info] [hef.cpp:1929] [get_network_group_and_network_name] No name was given. Addressing all networks of default network_group: yolov10n
[2025-03-01 17:13:49.049] [139512] [HailoRT] [info] [hef.cpp:1929] [get_network_group_and_network_name] No name was given. Addressing all networks of default network_group: yolov10n
[2025-03-01 17:13:49.189] [139512] [HailoRT] [info] [hef.cpp:1929] [get_network_group_and_network_name] No name was given. Addressing all networks of default network_group: yolov10n
[2025-03-01 17:13:49.189] [139512] [HailoRT] [info] [hef.cpp:1929] [get_network_group_and_network_name] No name was given. Addressing all networks of default network_group: yolov10n
[2025-03-01 17:13:49.289] [139512] [HailoRT] [info] [hef.cpp:1929] [get_network_group_and_network_name] No name was given. Addressing all networks of default network_group: yolov10n
[2025-03-01 17:13:49.289] [139512] [HailoRT] [info] [hef.cpp:1929] [get_network_group_and_network_name] No name was given. Addressing all networks of default network_group: yolov10n
[2025-03-01 17:13:49.349] [139512] [HailoRT] [info] [hef.cpp:1929] [get_network_group_and_network_name] No name was given. Addressing all networks of default network_group: yolov10n
[2025-03-01 17:13:49.349] [139512] [HailoRT] [info] [hef.cpp:1929] [get_network_group_and_network_name] No name was given. Addressing all networks of default network_group: yolov10n
[2025-03-01 17:13:49.449] [139512] [HailoRT] [info] [hef.cpp:1929] [get_network_group_and_network_name] No name was given. Addressing all networks of default network_group: yolov10n
[2025-03-01 17:13:49.449] [139512] [HailoRT] [info] [hef.cpp:1929] [get_network_group_and_network_name] No name was given. Addressing all networks of default network_group: yolov10n
[2025-03-01 17:13:49.591] [139512] [HailoRT] [info] [hef.cpp:1929] [get_network_group_and_network_name] No name was given. Addressing all networks of default network_group: yolov10n
[2025-03-01 17:13:49.591] [139512] [HailoRT] [info] [hef.cpp:1929] [get_network_group_and_network_name] No name was given. Addressing all networks of default network_group: yolov10n
[2025-03-01 17:13:49.689] [139512] [HailoRT] [info] [hef.cpp:1929] [get_network_group_and_network_name] No name was given. Addressing all networks of default network_group: yolov10n
[2025-03-01 17:13:49.690] [139512] [HailoRT] [info] [hef.cpp:1929] [get_network_group_and_network_name] No name was given. Addressing all networks of default network_group: yolov10n
[2025-03-01 17:13:49.790] [139512] [HailoRT] [info] [hef.cpp:1929] [get_network_group_and_network_name] No name was given. Addressing all networks of default network_group: yolov10n
[2025-03-01 17:13:49.790] [139512] [HailoRT] [info] [hef.cpp:1929] [get_network_group_and_network_name] No name was given. Addressing all networks of default network_group: yolov10n
[2025-03-01 17:13:49.889] [139512] [HailoRT] [info] [hef.cpp:1929] [get_network_group_and_network_name] No name was given. Addressing all networks of default network_group: yolov10n
[2025-03-01 17:13:49.890] [139512] [HailoRT] [info] [hef.cpp:1929] [get_network_group_and_network_name] No name was given. Addressing all networks of default network_group: yolov10n
[2025-03-01 17:13:49.992] [139512] [HailoRT] [info] [hef.cpp:1929] [get_network_group_and_network_name] No name was given. Addressing all networks of default network_group: yolov10n
[2025-03-01 17:13:49.992] [139512] [HailoRT] [info] [hef.cpp:1929] [get_network_group_and_network_name] No name was given. Addressing all networks of default network_group: yolov10n
[2025-03-01 17:13:50.092] [139512] [HailoRT] [info] [hef.cpp:1929] [get_network_group_and_network_name] No name was given. Addressing all networks of default network_group: yolov10n
[2025-03-01 17:13:50.092] [139512] [HailoRT] [info] [hef.cpp:1929] [get_network_group_and_network_name] No name was given. Addressing all networks of default network_group: yolov10n
[2025-03-01 17:13:50.195] [139512] [HailoRT] [info] [hef.cpp:1929] [get_network_group_and_network_name] No name was given. Addressing all networks of default network_group: yolov10n
[2025-03-01 17:13:50.196] [139512] [HailoRT] [info] [hef.cpp:1929] [get_network_group_and_network_name] No name was given. Addressing all networks of default network_group: yolov10n
[2025-03-01 17:13:50.292] [139512] [HailoRT] [info] [hef.cpp:1929] [get_network_group_and_network_name] No name was given. Addressing all networks of default network_group: yolov10n
[2025-03-01 17:13:50.293] [139512] [HailoRT] [info] [hef.cpp:1929] [get_network_group_and_network_name] No name was given. Addressing all networks of default network_group: yolov10n
[2025-03-01 17:13:50.391] [139512] [HailoRT] [info] [hef.cpp:1929] [get_network_group_and_network_name] No name was given. Addressing all networks of default network_group: yolov10n
[2025-03-01 17:13:50.391] [139512] [HailoRT] [info] [hef.cpp:1929] [get_network_group_and_network_name] No name was given. Addressing all networks of default network_group: yolov10n
[2025-03-01 17:13:50.489] [139512] [HailoRT] [info] [hef.cpp:1929] [get_network_group_and_network_name] No name was given. Addressing all networks of default network_group: yolov10n
[2025-03-01 17:13:50.490] [139512] [HailoRT] [info] [hef.cpp:1929] [get_network_group_and_network_name] No name was given. Addressing all networks of default network_group: yolov10n
[2025-03-01 17:13:50.590] [139512] [HailoRT] [info] [hef.cpp:1929] [get_network_group_and_network_name] No name was given. Addressing all networks of default network_group: yolov10n
[2025-03-01 17:13:50.591] [139512] [HailoRT] [info] [hef.cpp:1929] [get_network_group_and_network_name] No name was given. Addressing all networks of default network_group: yolov10n
[2025-03-01 17:13:50.690] [139512] [HailoRT] [info] [hef.cpp:1929] [get_network_group_and_network_name] No name was given. Addressing all networks of default network_group: yolov10n
[2025-03-01 17:13:50.690] [139512] [HailoRT] [info] [hef.cpp:1929] [get_network_group_and_network_name] No name was given. Addressing all networks of default network_group: yolov10n
[2025-03-01 17:13:50.792] [139512] [HailoRT] [info] [hef.cpp:1929] [get_network_group_and_network_name] No name was given. Addressing all networks of default network_group: yolov10n
[2025-03-01 17:13:50.792] [139512] [HailoRT] [info] [hef.cpp:1929] [get_network_group_and_network_name] No name was given. Addressing all networks of default network_group: yolov10n
[2025-03-01 17:13:50.890] [139512] [HailoRT] [info] [hef.cpp:1929] [get_network_group_and_network_name] No name was given. Addressing all networks of default network_group: yolov10n
[2025-03-01 17:13:50.890] [139512] [HailoRT] [info] [hef.cpp:1929] [get_network_group_and_network_name] No name was given. Addressing all networks of default network_group: yolov10n
[2025-03-01 17:13:50.991] [139512] [HailoRT] [info] [hef.cpp:1929] [get_network_group_and_network_name] No name was given. Addressing all networks of default network_group: yolov10n
[2025-03-01 17:13:50.991] [139512] [HailoRT] [info] [hef.cpp:1929] [get_network_group_and_network_name] No name was given. Addressing all networks of default network_group: yolov10n
[2025-03-01 17:13:51.091] [139512] [HailoRT] [info] [hef.cpp:1929] [get_network_group_and_network_name] No name was given. Addressing all networks of default network_group: yolov10n
[2025-03-01 17:13:51.091] [139512] [HailoRT] [info] [hef.cpp:1929] [get_network_group_and_network_name] No name was given. Addressing all networks of default network_group: yolov10n
[2025-03-01 17:13:51.192] [139512] [HailoRT] [info] [hef.cpp:1929] [get_network_group_and_network_name] No name was given. Addressing all networks of default network_group: yolov10n
[2025-03-01 17:13:51.192] [139512] [HailoRT] [info] [hef.cpp:1929] [get_network_group_and_network_name] No name was given. Addressing all networks of default network_group: yolov10n
[2025-03-01 17:13:51.291] [139512] [HailoRT] [info] [hef.cpp:1929] [get_network_group_and_network_name] No name was given. Addressing all networks of default network_group: yolov10n
[2025-03-01 17:13:51.291] [139512] [HailoRT] [info] [hef.cpp:1929] [get_network_group_and_network_name] No name was given. Addressing all networks of default network_group: yolov10n
[2025-03-01 17:13:51.393] [139512] [HailoRT] [info] [hef.cpp:1929] [get_network_group_and_network_name] No name was given. Addressing all networks of default network_group: yolov10n
[2025-03-01 17:13:51.393] [139512] [HailoRT] [info] [hef.cpp:1929] [get_network_group_and_network_name] No name was given. Addressing all networks of default network_group: yolov10n
[2025-03-01 17:13:51.502] [139512] [HailoRT] [info] [hef.cpp:1929] [get_network_group_and_network_name] No name was given. Addressing all networks of default network_group: yolov10n
[2025-03-01 17:13:51.503] [139512] [HailoRT] [info] [hef.cpp:1929] [get_network_group_and_network_name] No name was given. Addressing all networks of default network_group: yolov10n
[2025-03-01 17:13:51.593] [139512] [HailoRT] [info] [hef.cpp:1929] [get_network_group_and_network_name] No name was given. Addressing all networks of default network_group: yolov10n
[2025-03-01 17:13:51.594] [139512] [HailoRT] [info] [hef.cpp:1929] [get_network_group_and_network_name] No name was given. Addressing all networks of default network_group: yolov10n
[2025-03-01 17:13:51.693] [139512] [HailoRT] [info] [hef.cpp:1929] [get_network_group_and_network_name] No name was given. Addressing all networks of default network_group: yolov10n
[2025-03-01 17:13:51.693] [139512] [HailoRT] [info] [hef.cpp:1929] [get_network_group_and_network_name] No name was given. Addressing all networks of default network_group: yolov10n
[2025-03-01 17:13:51.795] [139512] [HailoRT] [info] [hef.cpp:1929] [get_network_group_and_network_name] No name was given. Addressing all networks of default network_group: yolov10n
[2025-03-01 17:13:51.795] [139512] [HailoRT] [info] [hef.cpp:1929] [get_network_group_and_network_name] No name was given. Addressing all networks of default network_group: yolov10n
[2025-03-01 17:13:51.895] [139512] [HailoRT] [info] [hef.cpp:1929] [get_network_group_and_network_name] No name was given. Addressing all networks of default network_group: yolov10n
[2025-03-01 17:13:51.895] [139512] [HailoRT] [info] [hef.cpp:1929] [get_network_group_and_network_name] No name was given. Addressing all networks of default network_group: yolov10n
[2025-03-01 17:13:51.998] [139512] [HailoRT] [info] [hef.cpp:1929] [get_network_group_and_network_name] No name was given. Addressing all networks of default network_group: yolov10n
[2025-03-01 17:13:51.998] [139512] [HailoRT] [info] [hef.cpp:1929] [get_network_group_and_network_name] No name was given. Addressing all networks of default network_group: yolov10n
[2025-03-01 17:13:52.097] [139512] [HailoRT] [info] [hef.cpp:1929] [get_network_group_and_network_name] No name was given. Addressing all networks of default network_group: yolov10n
[2025-03-01 17:13:52.097] [139512] [HailoRT] [info] [hef.cpp:1929] [get_network_group_and_network_name] No name was given. Addressing all networks of default network_group: yolov10n
[2025-03-01 17:13:52.194] [139512] [HailoRT] [info] [hef.cpp:1929] [get_network_group_and_network_name] No name was given. Addressing all networks of default network_group: yolov10n
[2025-03-01 17:13:52.194] [139512] [HailoRT] [info] [hef.cpp:1929] [get_network_group_and_network_name] No name was given. Addressing all networks of default network_group: yolov10n
[2025-03-01 17:13:52.293] [139512] [HailoRT] [info] [hef.cpp:1929] [get_network_group_and_network_name] No name was given. Addressing all networks of default network_group: yolov10n
[2025-03-01 17:13:52.293] [139512] [HailoRT] [info] [hef.cpp:1929] [get_network_group_and_network_name] No name was given. Addressing all networks of default network_group: yolov10n
[2025-03-01 17:13:52.394] [139512] [HailoRT] [info] [hef.cpp:1929] [get_network_group_and_network_name] No name was given. Addressing all networks of default network_group: yolov10n
[2025-03-01 17:13:52.395] [139512] [HailoRT] [info] [hef.cpp:1929] [get_network_group_and_network_name] No name was given. Addressing all networks of default network_group: yolov10n
[2025-03-01 17:13:52.493] [139512] [HailoRT] [info] [hef.cpp:1929] [get_network_group_and_network_name] No name was given. Addressing all networks of default network_group: yolov10n
[2025-03-01 17:13:52.493] [139512] [HailoRT] [info] [hef.cpp:1929] [get_network_group_and_network_name] No name was given. Addressing all networks of default network_group: yolov10n
[2025-03-01 17:13:52.592] [139512] [HailoRT] [info] [hef.cpp:1929] [get_network_group_and_network_name] No name was given. Addressing all networks of default network_group: yolov10n
[2025-03-01 17:13:52.592] [139512] [HailoRT] [info] [hef.cpp:1929] [get_network_group_and_network_name] No name was given. Addressing all networks of default network_group: yolov10n
[2025-03-01 17:13:52.692] [139512] [HailoRT] [info] [hef.cpp:1929] [get_network_group_and_network_name] No name was given. Addressing all networks of default network_group: yolov10n
[2025-03-01 17:13:52.693] [139512] [HailoRT] [info] [hef.cpp:1929] [get_network_group_and_network_name] No name was given. Addressing all networks of default network_group: yolov10n
[2025-03-01 17:13:52.793] [139512] [HailoRT] [info] [hef.cpp:1929] [get_network_group_and_network_name] No name was given. Addressing all networks of default network_group: yolov10n
[2025-03-01 17:13:52.793] [139512] [HailoRT] [info] [hef.cpp:1929] [get_network_group_and_network_name] No name was given. Addressing all networks of default network_group: yolov10n
[2025-03-01 17:13:52.892] [139512] [HailoRT] [info] [hef.cpp:1929] [get_network_group_and_network_name] No name was given. Addressing all networks of default network_group: yolov10n
[2025-03-01 17:13:52.892] [139512] [HailoRT] [info] [hef.cpp:1929] [get_network_group_and_network_name] No name was given. Addressing all networks of default network_group: yolov10n
[2025-03-01 17:13:52.993] [139512] [HailoRT] [info] [hef.cpp:1929] [get_network_group_and_network_name] No name was given. Addressing all networks of default network_group: yolov10n
[2025-03-01 17:13:52.993] [139512] [HailoRT] [info] [hef.cpp:1929] [get_network_group_and_network_name] No name was given. Addressing all networks of default network_group: yolov10n
[2025-03-01 17:13:53.093] [139512] [HailoRT] [info] [hef.cpp:1929] [get_network_group_and_network_name] No name was given. Addressing all networks of default network_group: yolov10n
[2025-03-01 17:13:53.093] [139512] [HailoRT] [info] [hef.cpp:1929] [get_network_group_and_network_name] No name was given. Addressing all networks of default network_group: yolov10n
[2025-03-01 17:13:53.195] [139512] [HailoRT] [info] [hef.cpp:1929] [get_network_group_and_network_name] No name was given. Addressing all networks of default network_group: yolov10n
[2025-03-01 17:13:53.195] [139512] [HailoRT] [info] [hef.cpp:1929] [get_network_group_and_network_name] No name was given. Addressing all networks of default network_group: yolov10n
[2025-03-01 17:13:53.295] [139512] [HailoRT] [info] [hef.cpp:1929] [get_network_group_and_network_name] No name was given. Addressing all networks of default network_group: yolov10n
[2025-03-01 17:13:53.296] [139512] [HailoRT] [info] [hef.cpp:1929] [get_network_group_and_network_name] No name was given. Addressing all networks of default network_group: yolov10n
[2025-03-01 17:13:53.352] [139512] [HailoRT] [info] [hef.cpp:1929] [get_network_group_and_network_name] No name was given. Addressing all networks of default network_group: yolov10n
[2025-03-01 17:13:53.352] [139512] [HailoRT] [info] [hef.cpp:1929] [get_network_group_and_network_name] No name was given. Addressing all networks of default network_group: yolov10n
[2025-03-01 17:13:53.495] [139512] [HailoRT] [info] [hef.cpp:1929] [get_network_group_and_network_name] No name was given. Addressing all networks of default network_group: yolov10n
[2025-03-01 17:13:53.496] [139512] [HailoRT] [info] [hef.cpp:1929] [get_network_group_and_network_name] No name was given. Addressing all networks of default network_group: yolov10n
[2025-03-01 17:13:53.596] [139512] [HailoRT] [info] [hef.cpp:1929] [get_network_group_and_network_name] No name was given. Addressing all networks of default network_group: yolov10n
[2025-03-01 17:13:53.596] [139512] [HailoRT] [info] [hef.cpp:1929] [get_network_group_and_network_name] No name was given. Addressing all networks of default network_group: yolov10n
[2025-03-01 17:13:53.694] [139512] [HailoRT] [info] [hef.cpp:1929] [get_network_group_and_network_name] No name was given. Addressing all networks of default network_group: yolov10n
[2025-03-01 17:13:53.694] [139512] [HailoRT] [info] [hef.cpp:1929] [get_network_group_and_network_name] No name was given. Addressing all networks of default network_group: yolov10n
[2025-03-01 17:13:53.794] [139512] [HailoRT] [info] [hef.cpp:1929] [get_network_group_and_network_name] No name was given. Addressing all networks of default network_group: yolov10n
[2025-03-01 17:13:53.794] [139512] [HailoRT] [info] [hef.cpp:1929] [get_network_group_and_network_name] No name was given. Addressing all networks of default network_group: yolov10n
[2025-03-01 17:13:53.895] [139512] [HailoRT] [info] [hef.cpp:1929] [get_network_group_and_network_name] No name was given. Addressing all networks of default network_group: yolov10n
[2025-03-01 17:13:53.895] [139512] [HailoRT] [info] [hef.cpp:1929] [get_network_group_and_network_name] No name was given. Addressing all networks of default network_group: yolov10n
[2025-03-01 17:13:53.994] [139512] [HailoRT] [info] [hef.cpp:1929] [get_network_group_and_network_name] No name was given. Addressing all networks of default network_group: yolov10n
[2025-03-01 17:13:53.995] [139512] [HailoRT] [info] [hef.cpp:1929] [get_network_group_and_network_name] No name was given. Addressing all networks of default network_group: yolov10n
[2025-03-01 17:13:54.093] [139512] [HailoRT] [info] [hef.cpp:1929] [get_network_group_and_network_name] No name was given. Addressing all networks of default network_group: yolov10n
[2025-03-01 17:13:54.093] [139512] [HailoRT] [info] [hef.cpp:1929] [get_network_group_and_network_name] No name was given. Addressing all networks of default network_group: yolov10n
[2025-03-01 17:13:54.152] [139512] [HailoRT] [info] [hef.cpp:1929] [get_network_group_and_network_name] No name was given. Addressing all networks of default network_group: yolov10n
[2025-03-01 17:13:54.152] [139512] [HailoRT] [info] [hef.cpp:1929] [get_network_group_and_network_name] No name was given. Addressing all networks of default network_group: yolov10n
[2025-03-01 17:13:54.293] [139512] [HailoRT] [info] [hef.cpp:1929] [get_network_group_and_network_name] No name was given. Addressing all networks of default network_group: yolov10n
[2025-03-01 17:13:54.293] [139512] [HailoRT] [info] [hef.cpp:1929] [get_network_group_and_network_name] No name was given. Addressing all networks of default network_group: yolov10n
[2025-03-01 17:15:06.945] [139690] [HailoRT] [info] [vdevice.cpp:523] [create] Creating vdevice with params: device_count: 1, scheduling_algorithm: ROUND_ROBIN, multi_process_service: false
[2025-03-01 17:15:06.958] [139690] [HailoRT] [info] [device.cpp:49] [Device] OS Version: Linux 6.6.74+rpt-rpi-2712 #1 SMP PREEMPT Debian 1:6.6.74-1+rpt1 (2025-01-27) aarch64
[2025-03-01 17:15:06.959] [139690] [HailoRT] [info] [control.cpp:108] [control__parse_identify_results] firmware_version is: 4.20.0
[2025-03-01 17:15:06.959] [139690] [HailoRT] [info] [vdevice.cpp:651] [create] VDevice Infos: 0000:01:00.0
[2025-03-01 17:15:06.999] [139690] [HailoRT] [info] [hef.cpp:1929] [get_network_group_and_network_name] No name was given. Addressing all networks of default network_group: yolov10n
[2025-03-01 17:15:06.999] [139690] [HailoRT] [info] [hef.cpp:1929] [get_network_group_and_network_name] No name was given. Addressing all networks of default network_group: yolov10n
[2025-03-01 17:15:07.000] [139690] [HailoRT] [info] [hef.cpp:1929] [get_network_group_and_network_name] No name was given. Addressing all networks of default network_group: yolov10n
[2025-03-01 17:15:07.008] [139741] [HailoRT] [info] [internal_buffer_manager.cpp:204] [print_execution_results] Planned internal buffer memory: CMA memory 0, user memory 1540096. memory to edge layer usage factor is 0.6974264
[2025-03-01 17:15:07.009] [139741] [HailoRT] [info] [internal_buffer_manager.cpp:212] [print_execution_results] Default Internal buffer planner executed successfully
[2025-03-01 17:15:07.026] [139741] [HailoRT] [info] [device_internal.cpp:57] [configure] Configuring HEF took 23.852631 milliseconds
[2025-03-01 17:15:07.026] [139741] [HailoRT] [info] [vdevice.cpp:749] [configure] Configuring HEF on VDevice took 24.462153 milliseconds
[2025-03-01 17:15:07.026] [139741] [HailoRT] [info] [infer_model.cpp:436] [configure] Configuring network group 'yolov10n' with params: batch size: 1, power mode: PERFORMANCE, latency: NONE
[2025-03-01 17:15:07.026] [139741] [HailoRT] [info] [multi_io_elements.cpp:756] [create] Created (AsyncHwEl)
[2025-03-01 17:15:07.026] [139741] [HailoRT] [info] [queue_elements.cpp:450] [create] Created (EntryPushQEl0yolov10n/input_layer1 | timeout: 10s)
[2025-03-01 17:15:07.026] [139741] [HailoRT] [info] [filter_elements.cpp:101] [create] Created (PreInferEl3yolov10n/input_layer1 | Reorder - src_order: NHWC, src_shape: (640, 640, 3), dst_order: NHCW, dst_shape: (640, 640, 3))
[2025-03-01 17:15:07.026] [139741] [HailoRT] [info] [queue_elements.cpp:450] [create] Created (PushQEl3yolov10n/input_layer1 | timeout: 10s)
[2025-03-01 17:15:07.027] [139741] [HailoRT] [info] [multi_io_elements.cpp:135] [create] Created (NmsPPMuxEl0YOLOV8-Post-Process | Op YOLOV8, Name: YOLOV8-Post-Process, Score threshold: 0.300, IoU threshold: 0.70, Classes: 80, Cross classes: false, NMS results order: BY_CLASS, Max bboxes per class: 100, Image height: 640, Image width: 640)
[2025-03-01 17:15:07.027] [139741] [HailoRT] [info] [queue_elements.cpp:942] [create] Created (MultiPushQEl0YOLOV8-Post-Process | timeout: 10s)
[2025-03-01 17:15:07.027] [139741] [HailoRT] [info] [edge_elements.cpp:187] [create] Created (LastAsyncEl0NmsPPMuxEl0YOLOV8-Post-Process)
[2025-03-01 17:15:07.027] [139741] [HailoRT] [info] [pipeline.cpp:891] [print_deep_description] EntryPushQEl0yolov10n/input_layer1 | inputs: user | outputs: PreInferEl3yolov10n/input_layer1(running in thread_id: 139751)
[2025-03-01 17:15:07.027] [139741] [HailoRT] [info] [pipeline.cpp:891] [print_deep_description] PreInferEl3yolov10n/input_layer1 | inputs: EntryPushQEl0yolov10n/input_layer1[0] | outputs: PushQEl3yolov10n/input_layer1
[2025-03-01 17:15:07.027] [139741] [HailoRT] [info] [pipeline.cpp:891] [print_deep_description] PushQEl3yolov10n/input_layer1 | inputs: PreInferEl3yolov10n/input_layer1[0] | outputs: AsyncHwEl(running in thread_id: 139752)
[2025-03-01 17:15:07.027] [139741] [HailoRT] [info] [pipeline.cpp:891] [print_deep_description] AsyncHwEl | inputs: PushQEl3yolov10n/input_layer1[0] | outputs: MultiPushQEl0YOLOV8-Post-Process MultiPushQEl0YOLOV8-Post-Process MultiPushQEl0YOLOV8-Post-Process MultiPushQEl0YOLOV8-Post-Process MultiPushQEl0YOLOV8-Post-Process MultiPushQEl0YOLOV8-Post-Process
[2025-03-01 17:15:07.027] [139741] [HailoRT] [info] [pipeline.cpp:891] [print_deep_description] MultiPushQEl0YOLOV8-Post-Process | inputs: AsyncHwEl[0] AsyncHwEl[1] AsyncHwEl[2] AsyncHwEl[3] AsyncHwEl[4] AsyncHwEl[5] | outputs: NmsPPMuxEl0YOLOV8-Post-Process(running in thread_id: 139753)
[2025-03-01 17:15:07.027] [139741] [HailoRT] [info] [pipeline.cpp:891] [print_deep_description] NmsPPMuxEl0YOLOV8-Post-Process | inputs: MultiPushQEl0YOLOV8-Post-Process[0] | outputs: LastAsyncEl0NmsPPMuxEl0YOLOV8-Post-Process
[2025-03-01 17:15:07.027] [139741] [HailoRT] [info] [pipeline.cpp:891] [print_deep_description] LastAsyncEl0NmsPPMuxEl0YOLOV8-Post-Process | inputs: NmsPPMuxEl0YOLOV8-Post-Process[0] | outputs: user
[2025-03-01 17:15:07.070] [139741] [HailoRT] [info] [hef.cpp:1929] [get_network_group_and_network_name] No name was given. Addressing all networks of default network_group: yolov10n
[2025-03-01 17:15:07.110] [139741] [HailoRT] [info] [hef.cpp:1929] [get_network_group_and_network_name] No name was given. Addressing all networks of default network_group: yolov10n
[2025-03-01 17:15:07.150] [139741] [HailoRT] [info] [hef.cpp:1929] [get_network_group_and_network_name] No name was given. Addressing all networks of default network_group: yolov10n
[2025-03-01 17:15:07.150] [139741] [HailoRT] [info] [hef.cpp:1929] [get_network_group_and_network_name] No name was given. Addressing all networks of default network_group: yolov10n
[2025-03-01 17:15:07.249] [139741] [HailoRT] [info] [hef.cpp:1929] [get_network_group_and_network_name] No name was given. Addressing all networks of default network_group: yolov10n
[2025-03-01 17:15:07.250] [139741] [HailoRT] [info] [hef.cpp:1929] [get_network_group_and_network_name] No name was given. Addressing all networks of default network_group: yolov10n
[2025-03-01 17:15:07.351] [139741] [HailoRT] [info] [hef.cpp:1929] [get_network_group_and_network_name] No name was given. Addressing all networks of default network_group: yolov10n
[2025-03-01 17:15:07.351] [139741] [HailoRT] [info] [hef.cpp:1929] [get_network_group_and_network_name] No name was given. Addressing all networks of default network_group: yolov10n
[2025-03-01 17:15:07.448] [139741] [HailoRT] [info] [hef.cpp:1929] [get_network_group_and_network_name] No name was given. Addressing all networks of default network_group: yolov10n
[2025-03-01 17:15:07.448] [139741] [HailoRT] [info] [hef.cpp:1929] [get_network_group_and_network_name] No name was given. Addressing all networks of default network_group: yolov10n
[2025-03-01 17:15:07.548] [139741] [HailoRT] [info] [hef.cpp:1929] [get_network_group_and_network_name] No name was given. Addressing all networks of default network_group: yolov10n
[2025-03-01 17:15:07.548] [139741] [HailoRT] [info] [hef.cpp:1929] [get_network_group_and_network_name] No name was given. Addressing all networks of default network_group: yolov10n
[2025-03-01 17:15:07.648] [139741] [HailoRT] [info] [hef.cpp:1929] [get_network_group_and_network_name] No name was given. Addressing all networks of default network_group: yolov10n
[2025-03-01 17:15:07.648] [139741] [HailoRT] [info] [hef.cpp:1929] [get_network_group_and_network_name] No name was given. Addressing all networks of default network_group: yolov10n
[2025-03-01 17:15:07.748] [139741] [HailoRT] [info] [hef.cpp:1929] [get_network_group_and_network_name] No name was given. Addressing all networks of default network_group: yolov10n
[2025-03-01 17:15:07.748] [139741] [HailoRT] [info] [hef.cpp:1929] [get_network_group_and_network_name] No name was given. Addressing all networks of default network_group: yolov10n
[2025-03-01 17:15:07.848] [139741] [HailoRT] [info] [hef.cpp:1929] [get_network_group_and_network_name] No name was given. Addressing all networks of default network_group: yolov10n
[2025-03-01 17:15:07.848] [139741] [HailoRT] [info] [hef.cpp:1929] [get_network_group_and_network_name] No name was given. Addressing all networks of default network_group: yolov10n
[2025-03-01 17:15:07.948] [139741] [HailoRT] [info] [hef.cpp:1929] [get_network_group_and_network_name] No name was given. Addressing all networks of default network_group: yolov10n
[2025-03-01 17:15:07.949] [139741] [HailoRT] [info] [hef.cpp:1929] [get_network_group_and_network_name] No name was given. Addressing all networks of default network_group: yolov10n
[2025-03-01 17:15:08.050] [139741] [HailoRT] [info] [hef.cpp:1929] [get_network_group_and_network_name] No name was given. Addressing all networks of default network_group: yolov10n
[2025-03-01 17:15:08.050] [139741] [HailoRT] [info] [hef.cpp:1929] [get_network_group_and_network_name] No name was given. Addressing all networks of default network_group: yolov10n
[2025-03-01 17:15:08.149] [139741] [HailoRT] [info] [hef.cpp:1929] [get_network_group_and_network_name] No name was given. Addressing all networks of default network_group: yolov10n
[2025-03-01 17:15:08.149] [139741] [HailoRT] [info] [hef.cpp:1929] [get_network_group_and_network_name] No name was given. Addressing all networks of default network_group: yolov10n
[2025-03-01 17:15:08.249] [139741] [HailoRT] [info] [hef.cpp:1929] [get_network_group_and_network_name] No name was given. Addressing all networks of default network_group: yolov10n
[2025-03-01 17:15:08.249] [139741] [HailoRT] [info] [hef.cpp:1929] [get_network_group_and_network_name] No name was given. Addressing all networks of default network_group: yolov10n
[2025-03-01 17:15:08.349] [139741] [HailoRT] [info] [hef.cpp:1929] [get_network_group_and_network_name] No name was given. Addressing all networks of default network_group: yolov10n
[2025-03-01 17:15:08.349] [139741] [HailoRT] [info] [hef.cpp:1929] [get_network_group_and_network_name] No name was given. Addressing all networks of default network_group: yolov10n
[2025-03-01 17:15:08.449] [139741] [HailoRT] [info] [hef.cpp:1929] [get_network_group_and_network_name] No name was given. Addressing all networks of default network_group: yolov10n
[2025-03-01 17:15:08.449] [139741] [HailoRT] [info] [hef.cpp:1929] [get_network_group_and_network_name] No name was given. Addressing all networks of default network_group: yolov10n
[2025-03-01 17:15:08.638] [139741] [HailoRT] [info] [hef.cpp:1929] [get_network_group_and_network_name] No name was given. Addressing all networks of default network_group: yolov10n
[2025-03-01 17:15:08.638] [139741] [HailoRT] [info] [hef.cpp:1929] [get_network_group_and_network_name] No name was given. Addressing all networks of default network_group: yolov10n
[2025-03-01 17:15:08.711] [139741] [HailoRT] [info] [hef.cpp:1929] [get_network_group_and_network_name] No name was given. Addressing all networks of default network_group: yolov10n
[2025-03-01 17:15:08.711] [139741] [HailoRT] [info] [hef.cpp:1929] [get_network_group_and_network_name] No name was given. Addressing all networks of default network_group: yolov10n
[2025-03-01 17:15:08.812] [139741] [HailoRT] [info] [hef.cpp:1929] [get_network_group_and_network_name] No name was given. Addressing all networks of default network_group: yolov10n
[2025-03-01 17:15:08.812] [139741] [HailoRT] [info] [hef.cpp:1929] [get_network_group_and_network_name] No name was given. Addressing all networks of default network_group: yolov10n
[2025-03-01 17:15:08.911] [139741] [HailoRT] [info] [hef.cpp:1929] [get_network_group_and_network_name] No name was given. Addressing all networks of default network_group: yolov10n
[2025-03-01 17:15:08.911] [139741] [HailoRT] [info] [hef.cpp:1929] [get_network_group_and_network_name] No name was given. Addressing all networks of default network_group: yolov10n
[2025-03-01 17:15:09.011] [139741] [HailoRT] [info] [hef.cpp:1929] [get_network_group_and_network_name] No name was given. Addressing all networks of default network_group: yolov10n
[2025-03-01 17:15:09.011] [139741] [HailoRT] [info] [hef.cpp:1929] [get_network_group_and_network_name] No name was given. Addressing all networks of default network_group: yolov10n
[2025-03-01 17:15:09.112] [139741] [HailoRT] [info] [hef.cpp:1929] [get_network_group_and_network_name] No name was given. Addressing all networks of default network_group: yolov10n
[2025-03-01 17:15:09.112] [139741] [HailoRT] [info] [hef.cpp:1929] [get_network_group_and_network_name] No name was given. Addressing all networks of default network_group: yolov10n
[2025-03-01 17:15:09.212] [139741] [HailoRT] [info] [hef.cpp:1929] [get_network_group_and_network_name] No name was given. Addressing all networks of default network_group: yolov10n
[2025-03-01 17:15:09.213] [139741] [HailoRT] [info] [hef.cpp:1929] [get_network_group_and_network_name] No name was given. Addressing all networks of default network_group: yolov10n
[2025-03-01 17:15:09.312] [139741] [HailoRT] [info] [hef.cpp:1929] [get_network_group_and_network_name] No name was given. Addressing all networks of default network_group: yolov10n
[2025-03-01 17:15:09.313] [139741] [HailoRT] [info] [hef.cpp:1929] [get_network_group_and_network_name] No name was given. Addressing all networks of default network_group: yolov10n
[2025-03-01 17:15:09.412] [139741] [HailoRT] [info] [hef.cpp:1929] [get_network_group_and_network_name] No name was given. Addressing all networks of default network_group: yolov10n
[2025-03-01 17:15:09.412] [139741] [HailoRT] [info] [hef.cpp:1929] [get_network_group_and_network_name] No name was given. Addressing all networks of default network_group: yolov10n
[2025-03-01 17:15:09.514] [139741] [HailoRT] [info] [hef.cpp:1929] [get_network_group_and_network_name] No name was given. Addressing all networks of default network_group: yolov10n
[2025-03-01 17:15:09.514] [139741] [HailoRT] [info] [hef.cpp:1929] [get_network_group_and_network_name] No name was given. Addressing all networks of default network_group: yolov10n
[2025-03-01 17:15:09.612] [139741] [HailoRT] [info] [hef.cpp:1929] [get_network_group_and_network_name] No name was given. Addressing all networks of default network_group: yolov10n
[2025-03-01 17:15:09.613] [139741] [HailoRT] [info] [hef.cpp:1929] [get_network_group_and_network_name] No name was given. Addressing all networks of default network_group: yolov10n
[2025-03-01 17:15:09.714] [139741] [HailoRT] [info] [hef.cpp:1929] [get_network_group_and_network_name] No name was given. Addressing all networks of default network_group: yolov10n
[2025-03-01 17:15:09.714] [139741] [HailoRT] [info] [hef.cpp:1929] [get_network_group_and_network_name] No name was given. Addressing all networks of default network_group: yolov10n
[2025-03-01 17:15:09.816] [139741] [HailoRT] [info] [hef.cpp:1929] [get_network_group_and_network_name] No name was given. Addressing all networks of default network_group: yolov10n
[2025-03-01 17:15:09.816] [139741] [HailoRT] [info] [hef.cpp:1929] [get_network_group_and_network_name] No name was given. Addressing all networks of default network_group: yolov10n
[2025-03-01 17:15:09.920] [139741] [HailoRT] [info] [hef.cpp:1929] [get_network_group_and_network_name] No name was given. Addressing all networks of default network_group: yolov10n
[2025-03-01 17:15:09.920] [139741] [HailoRT] [info] [hef.cpp:1929] [get_network_group_and_network_name] No name was given. Addressing all networks of default network_group: yolov10n
[2025-03-01 17:15:10.016] [139741] [HailoRT] [info] [hef.cpp:1929] [get_network_group_and_network_name] No name was given. Addressing all networks of default network_group: yolov10n
[2025-03-01 17:15:10.016] [139741] [HailoRT] [info] [hef.cpp:1929] [get_network_group_and_network_name] No name was given. Addressing all networks of default network_group: yolov10n
[2025-03-01 17:15:10.114] [139741] [HailoRT] [info] [hef.cpp:1929] [get_network_group_and_network_name] No name was given. Addressing all networks of default network_group: yolov10n
[2025-03-01 17:15:10.115] [139741] [HailoRT] [info] [hef.cpp:1929] [get_network_group_and_network_name] No name was given. Addressing all networks of default network_group: yolov10n
[2025-03-01 17:15:10.270] [139741] [HailoRT] [info] [hef.cpp:1929] [get_network_group_and_network_name] No name was given. Addressing all networks of default network_group: yolov10n
[2025-03-01 17:15:10.271] [139741] [HailoRT] [info] [hef.cpp:1929] [get_network_group_and_network_name] No name was given. Addressing all networks of default network_group: yolov10n
[2025-03-01 17:15:10.306] [139741] [HailoRT] [info] [hef.cpp:1929] [get_network_group_and_network_name] No name was given. Addressing all networks of default network_group: yolov10n
[2025-03-01 17:15:10.306] [139741] [HailoRT] [info] [hef.cpp:1929] [get_network_group_and_network_name] No name was given. Addressing all networks of default network_group: yolov10n
[2025-03-01 17:15:10.406] [139741] [HailoRT] [info] [hef.cpp:1929] [get_network_group_and_network_name] No name was given. Addressing all networks of default network_group: yolov10n
[2025-03-01 17:15:10.406] [139741] [HailoRT] [info] [hef.cpp:1929] [get_network_group_and_network_name] No name was given. Addressing all networks of default network_group: yolov10n
[2025-03-01 17:15:10.545] [139741] [HailoRT] [info] [hef.cpp:1929] [get_network_group_and_network_name] No name was given. Addressing all networks of default network_group: yolov10n
[2025-03-01 17:15:10.545] [139741] [HailoRT] [info] [hef.cpp:1929] [get_network_group_and_network_name] No name was given. Addressing all networks of default network_group: yolov10n
[2025-03-01 17:15:10.644] [139741] [HailoRT] [info] [hef.cpp:1929] [get_network_group_and_network_name] No name was given. Addressing all networks of default network_group: yolov10n
[2025-03-01 17:15:10.645] [139741] [HailoRT] [info] [hef.cpp:1929] [get_network_group_and_network_name] No name was given. Addressing all networks of default network_group: yolov10n
[2025-03-01 17:15:10.705] [139741] [HailoRT] [info] [hef.cpp:1929] [get_network_group_and_network_name] No name was given. Addressing all networks of default network_group: yolov10n
[2025-03-01 17:15:10.705] [139741] [HailoRT] [info] [hef.cpp:1929] [get_network_group_and_network_name] No name was given. Addressing all networks of default network_group: yolov10n
[2025-03-01 17:15:10.807] [139741] [HailoRT] [info] [hef.cpp:1929] [get_network_group_and_network_name] No name was given. Addressing all networks of default network_group: yolov10n
[2025-03-01 17:15:10.807] [139741] [HailoRT] [info] [hef.cpp:1929] [get_network_group_and_network_name] No name was given. Addressing all networks of default network_group: yolov10n
[2025-03-01 17:15:10.947] [139741] [HailoRT] [info] [hef.cpp:1929] [get_network_group_and_network_name] No name was given. Addressing all networks of default network_group: yolov10n
[2025-03-01 17:15:10.947] [139741] [HailoRT] [info] [hef.cpp:1929] [get_network_group_and_network_name] No name was given. Addressing all networks of default network_group: yolov10n
[2025-03-01 17:15:15.409] [139741] [HailoRT] [info] [hef.cpp:1929] [get_network_group_and_network_name] No name was given. Addressing all networks of default network_group: yolov10n
[2025-03-01 17:15:15.410] [139741] [HailoRT] [info] [hef.cpp:1929] [get_network_group_and_network_name] No name was given. Addressing all networks of default network_group: yolov10n
[2025-03-01 17:15:16.879] [139741] [HailoRT] [info] [hef.cpp:1929] [get_network_group_and_network_name] No name was given. Addressing all networks of default network_group: yolov10n
[2025-03-01 17:15:16.880] [139741] [HailoRT] [info] [hef.cpp:1929] [get_network_group_and_network_name] No name was given. Addressing all networks of default network_group: yolov10n
[2025-03-01 17:15:58.899] [139741] [HailoRT] [info] [hef.cpp:1929] [get_network_group_and_network_name] No name was given. Addressing all networks of default network_group: yolov10n
[2025-03-01 17:15:58.900] [139741] [HailoRT] [info] [hef.cpp:1929] [get_network_group_and_network_name] No name was given. Addressing all networks of default network_group: yolov10n
[2025-03-01 17:15:58.978] [139741] [HailoRT] [info] [hef.cpp:1929] [get_network_group_and_network_name] No name was given. Addressing all networks of default network_group: yolov10n
[2025-03-01 17:15:58.978] [139741] [HailoRT] [info] [hef.cpp:1929] [get_network_group_and_network_name] No name was given. Addressing all networks of default network_group: yolov10n
[2025-03-01 17:15:59.076] [139741] [HailoRT] [info] [hef.cpp:1929] [get_network_group_and_network_name] No name was given. Addressing all networks of default network_group: yolov10n
[2025-03-01 17:15:59.076] [139741] [HailoRT] [info] [hef.cpp:1929] [get_network_group_and_network_name] No name was given. Addressing all networks of default network_group: yolov10n
[2025-03-01 17:15:59.179] [139741] [HailoRT] [info] [hef.cpp:1929] [get_network_group_and_network_name] No name was given. Addressing all networks of default network_group: yolov10n
[2025-03-01 17:15:59.179] [139741] [HailoRT] [info] [hef.cpp:1929] [get_network_group_and_network_name] No name was given. Addressing all networks of default network_group: yolov10n
[2025-03-01 17:15:59.276] [139741] [HailoRT] [info] [hef.cpp:1929] [get_network_group_and_network_name] No name was given. Addressing all networks of default network_group: yolov10n
[2025-03-01 17:15:59.276] [139741] [HailoRT] [info] [hef.cpp:1929] [get_network_group_and_network_name] No name was given. Addressing all networks of default network_group: yolov10n
[2025-03-01 17:15:59.376] [139741] [HailoRT] [info] [hef.cpp:1929] [get_network_group_and_network_name] No name was given. Addressing all networks of default network_group: yolov10n
[2025-03-01 17:15:59.377] [139741] [HailoRT] [info] [hef.cpp:1929] [get_network_group_and_network_name] No name was given. Addressing all networks of default network_group: yolov10n
[2025-03-01 17:15:59.476] [139741] [HailoRT] [info] [hef.cpp:1929] [get_network_group_and_network_name] No name was given. Addressing all networks of default network_group: yolov10n
[2025-03-01 17:15:59.477] [139741] [HailoRT] [info] [hef.cpp:1929] [get_network_group_and_network_name] No name was given. Addressing all networks of default network_group: yolov10n
[2025-03-01 17:15:59.576] [139741] [HailoRT] [info] [hef.cpp:1929] [get_network_group_and_network_name] No name was given. Addressing all networks of default network_group: yolov10n
[2025-03-01 17:15:59.576] [139741] [HailoRT] [info] [hef.cpp:1929] [get_network_group_and_network_name] No name was given. Addressing all networks of default network_group: yolov10n
[2025-03-01 17:15:59.675] [139741] [HailoRT] [info] [hef.cpp:1929] [get_network_group_and_network_name] No name was given. Addressing all networks of default network_group: yolov10n
[2025-03-01 17:15:59.675] [139741] [HailoRT] [info] [hef.cpp:1929] [get_network_group_and_network_name] No name was given. Addressing all networks of default network_group: yolov10n
[2025-03-01 17:15:59.778] [139741] [HailoRT] [info] [hef.cpp:1929] [get_network_group_and_network_name] No name was given. Addressing all networks of default network_group: yolov10n
[2025-03-01 17:15:59.778] [139741] [HailoRT] [info] [hef.cpp:1929] [get_network_group_and_network_name] No name was given. Addressing all networks of default network_group: yolov10n
[2025-03-01 17:15:59.876] [139741] [HailoRT] [info] [hef.cpp:1929] [get_network_group_and_network_name] No name was given. Addressing all networks of default network_group: yolov10n
[2025-03-01 17:15:59.877] [139741] [HailoRT] [info] [hef.cpp:1929] [get_network_group_and_network_name] No name was given. Addressing all networks of default network_group: yolov10n
[2025-03-01 17:15:59.976] [139741] [HailoRT] [info] [hef.cpp:1929] [get_network_group_and_network_name] No name was given. Addressing all networks of default network_group: yolov10n
[2025-03-01 17:15:59.977] [139741] [HailoRT] [info] [hef.cpp:1929] [get_network_group_and_network_name] No name was given. Addressing all networks of default network_group: yolov10n
[2025-03-01 17:16:00.077] [139741] [HailoRT] [info] [hef.cpp:1929] [get_network_group_and_network_name] No name was given. Addressing all networks of default network_group: yolov10n
[2025-03-01 17:16:00.077] [139741] [HailoRT] [info] [hef.cpp:1929] [get_network_group_and_network_name] No name was given. Addressing all networks of default network_group: yolov10n
[2025-03-01 17:16:00.177] [139741] [HailoRT] [info] [hef.cpp:1929] [get_network_group_and_network_name] No name was given. Addressing all networks of default network_group: yolov10n
[2025-03-01 17:16:00.177] [139741] [HailoRT] [info] [hef.cpp:1929] [get_network_group_and_network_name] No name was given. Addressing all networks of default network_group: yolov10n
[2025-03-01 17:16:00.277] [139741] [HailoRT] [info] [hef.cpp:1929] [get_network_group_and_network_name] No name was given. Addressing all networks of default network_group: yolov10n
[2025-03-01 17:16:00.277] [139741] [HailoRT] [info] [hef.cpp:1929] [get_network_group_and_network_name] No name was given. Addressing all networks of default network_group: yolov10n
[2025-03-01 17:16:00.377] [139741] [HailoRT] [info] [hef.cpp:1929] [get_network_group_and_network_name] No name was given. Addressing all networks of default network_group: yolov10n
[2025-03-01 17:16:00.377] [139741] [HailoRT] [info] [hef.cpp:1929] [get_network_group_and_network_name] No name was given. Addressing all networks of default network_group: yolov10n
[2025-03-01 17:16:00.477] [139741] [HailoRT] [info] [hef.cpp:1929] [get_network_group_and_network_name] No name was given. Addressing all networks of default network_group: yolov10n
[2025-03-01 17:16:00.477] [139741] [HailoRT] [info] [hef.cpp:1929] [get_network_group_and_network_name] No name was given. Addressing all networks of default network_group: yolov10n
[2025-03-01 17:16:00.581] [139741] [HailoRT] [info] [hef.cpp:1929] [get_network_group_and_network_name] No name was given. Addressing all networks of default network_group: yolov10n
[2025-03-01 17:16:00.581] [139741] [HailoRT] [info] [hef.cpp:1929] [get_network_group_and_network_name] No name was given. Addressing all networks of default network_group: yolov10n
[2025-03-01 17:16:00.679] [139741] [HailoRT] [info] [hef.cpp:1929] [get_network_group_and_network_name] No name was given. Addressing all networks of default network_group: yolov10n
[2025-03-01 17:16:00.679] [139741] [HailoRT] [info] [hef.cpp:1929] [get_network_group_and_network_name] No name was given. Addressing all networks of default network_group: yolov10n
[2025-03-01 17:16:00.780] [139741] [HailoRT] [info] [hef.cpp:1929] [get_network_group_and_network_name] No name was given. Addressing all networks of default network_group: yolov10n
[2025-03-01 17:16:00.781] [139741] [HailoRT] [info] [hef.cpp:1929] [get_network_group_and_network_name] No name was given. Addressing all networks of default network_group: yolov10n
[2025-03-01 17:16:00.878] [139741] [HailoRT] [info] [hef.cpp:1929] [get_network_group_and_network_name] No name was given. Addressing all networks of default network_group: yolov10n
[2025-03-01 17:16:00.879] [139741] [HailoRT] [info] [hef.cpp:1929] [get_network_group_and_network_name] No name was given. Addressing all networks of default network_group: yolov10n
[2025-03-01 17:16:00.980] [139741] [HailoRT] [info] [hef.cpp:1929] [get_network_group_and_network_name] No name was given. Addressing all networks of default network_group: yolov10n
[2025-03-01 17:16:00.981] [139741] [HailoRT] [info] [hef.cpp:1929] [get_network_group_and_network_name] No name was given. Addressing all networks of default network_group: yolov10n
[2025-03-01 17:16:01.078] [139741] [HailoRT] [info] [hef.cpp:1929] [get_network_group_and_network_name] No name was given. Addressing all networks of default network_group: yolov10n
[2025-03-01 17:16:01.078] [139741] [HailoRT] [info] [hef.cpp:1929] [get_network_group_and_network_name] No name was given. Addressing all networks of default network_group: yolov10n
[2025-03-01 17:16:01.179] [139741] [HailoRT] [info] [hef.cpp:1929] [get_network_group_and_network_name] No name was given. Addressing all networks of default network_group: yolov10n
[2025-03-01 17:16:01.179] [139741] [HailoRT] [info] [hef.cpp:1929] [get_network_group_and_network_name] No name was given. Addressing all networks of default network_group: yolov10n
[2025-03-01 17:16:01.280] [139741] [HailoRT] [info] [hef.cpp:1929] [get_network_group_and_network_name] No name was given. Addressing all networks of default network_group: yolov10n
[2025-03-01 17:16:01.280] [139741] [HailoRT] [info] [hef.cpp:1929] [get_network_group_and_network_name] No name was given. Addressing all networks of default network_group: yolov10n
[2025-03-01 17:16:01.380] [139741] [HailoRT] [info] [hef.cpp:1929] [get_network_group_and_network_name] No name was given. Addressing all networks of default network_group: yolov10n
[2025-03-01 17:16:01.380] [139741] [HailoRT] [info] [hef.cpp:1929] [get_network_group_and_network_name] No name was given. Addressing all networks of default network_group: yolov10n
[2025-03-01 17:16:01.478] [139741] [HailoRT] [info] [hef.cpp:1929] [get_network_group_and_network_name] No name was given. Addressing all networks of default network_group: yolov10n
[2025-03-01 17:16:01.478] [139741] [HailoRT] [info] [hef.cpp:1929] [get_network_group_and_network_name] No name was given. Addressing all networks of default network_group: yolov10n
[2025-03-01 17:16:01.578] [139741] [HailoRT] [info] [hef.cpp:1929] [get_network_group_and_network_name] No name was given. Addressing all networks of default network_group: yolov10n
[2025-03-01 17:16:01.578] [139741] [HailoRT] [info] [hef.cpp:1929] [get_network_group_and_network_name] No name was given. Addressing all networks of default network_group: yolov10n
[2025-03-01 17:16:01.678] [139741] [HailoRT] [info] [hef.cpp:1929] [get_network_group_and_network_name] No name was given. Addressing all networks of default network_group: yolov10n
[2025-03-01 17:16:01.678] [139741] [HailoRT] [info] [hef.cpp:1929] [get_network_group_and_network_name] No name was given. Addressing all networks of default network_group: yolov10n
[2025-03-01 17:16:01.779] [139741] [HailoRT] [info] [hef.cpp:1929] [get_network_group_and_network_name] No name was given. Addressing all networks of default network_group: yolov10n
[2025-03-01 17:16:01.779] [139741] [HailoRT] [info] [hef.cpp:1929] [get_network_group_and_network_name] No name was given. Addressing all networks of default network_group: yolov10n
[2025-03-01 17:16:01.878] [139741] [HailoRT] [info] [hef.cpp:1929] [get_network_group_and_network_name] No name was given. Addressing all networks of default network_group: yolov10n
[2025-03-01 17:16:01.879] [139741] [HailoRT] [info] [hef.cpp:1929] [get_network_group_and_network_name] No name was given. Addressing all networks of default network_group: yolov10n
[2025-03-01 17:16:01.979] [139741] [HailoRT] [info] [hef.cpp:1929] [get_network_group_and_network_name] No name was given. Addressing all networks of default network_group: yolov10n
[2025-03-01 17:16:01.979] [139741] [HailoRT] [info] [hef.cpp:1929] [get_network_group_and_network_name] No name was given. Addressing all networks of default network_group: yolov10n
[2025-03-01 17:16:02.080] [139741] [HailoRT] [info] [hef.cpp:1929] [get_network_group_and_network_name] No name was given. Addressing all networks of default network_group: yolov10n
[2025-03-01 17:16:02.080] [139741] [HailoRT] [info] [hef.cpp:1929] [get_network_group_and_network_name] No name was given. Addressing all networks of default network_group: yolov10n
[2025-03-01 17:16:02.180] [139741] [HailoRT] [info] [hef.cpp:1929] [get_network_group_and_network_name] No name was given. Addressing all networks of default network_group: yolov10n
[2025-03-01 17:16:02.181] [139741] [HailoRT] [info] [hef.cpp:1929] [get_network_group_and_network_name] No name was given. Addressing all networks of default network_group: yolov10n
[2025-03-01 17:16:02.284] [139741] [HailoRT] [info] [hef.cpp:1929] [get_network_group_and_network_name] No name was given. Addressing all networks of default network_group: yolov10n
[2025-03-01 17:16:02.284] [139741] [HailoRT] [info] [hef.cpp:1929] [get_network_group_and_network_name] No name was given. Addressing all networks of default network_group: yolov10n
[2025-03-01 17:16:02.337] [139741] [HailoRT] [info] [hef.cpp:1929] [get_network_group_and_network_name] No name was given. Addressing all networks of default network_group: yolov10n
[2025-03-01 17:16:02.337] [139741] [HailoRT] [info] [hef.cpp:1929] [get_network_group_and_network_name] No name was given. Addressing all networks of default network_group: yolov10n
[2025-03-01 17:16:02.482] [139741] [HailoRT] [info] [hef.cpp:1929] [get_network_group_and_network_name] No name was given. Addressing all networks of default network_group: yolov10n
[2025-03-01 17:16:02.482] [139741] [HailoRT] [info] [hef.cpp:1929] [get_network_group_and_network_name] No name was given. Addressing all networks of default network_group: yolov10n
[2025-03-01 17:16:02.581] [139741] [HailoRT] [info] [hef.cpp:1929] [get_network_group_and_network_name] No name was given. Addressing all networks of default network_group: yolov10n
[2025-03-01 17:16:02.581] [139741] [HailoRT] [info] [hef.cpp:1929] [get_network_group_and_network_name] No name was given. Addressing all networks of default network_group: yolov10n
[2025-03-01 17:16:02.680] [139741] [HailoRT] [info] [hef.cpp:1929] [get_network_group_and_network_name] No name was given. Addressing all networks of default network_group: yolov10n
[2025-03-01 17:16:02.680] [139741] [HailoRT] [info] [hef.cpp:1929] [get_network_group_and_network_name] No name was given. Addressing all networks of default network_group: yolov10n
[2025-03-02 11:04:45.266] [150252] [HailoRT] [info] [vdevice.cpp:523] [create] Creating vdevice with params: device_count: 1, scheduling_algorithm: ROUND_ROBIN, multi_process_service: false
[2025-03-02 11:04:45.278] [150252] [HailoRT] [info] [device.cpp:49] [Device] OS Version: Linux 6.6.74+rpt-rpi-2712 #1 SMP PREEMPT Debian 1:6.6.74-1+rpt1 (2025-01-27) aarch64
[2025-03-02 11:04:45.279] [150252] [HailoRT] [info] [control.cpp:108] [control__parse_identify_results] firmware_version is: 4.20.0
[2025-03-02 11:04:45.279] [150252] [HailoRT] [info] [vdevice.cpp:651] [create] VDevice Infos: 0000:01:00.0
[2025-03-02 11:04:45.320] [150252] [HailoRT] [info] [hef.cpp:1929] [get_network_group_and_network_name] No name was given. Addressing all networks of default network_group: yolov10n
[2025-03-02 11:04:45.320] [150252] [HailoRT] [info] [hef.cpp:1929] [get_network_group_and_network_name] No name was given. Addressing all networks of default network_group: yolov10n
[2025-03-02 11:04:45.320] [150252] [HailoRT] [info] [hef.cpp:1929] [get_network_group_and_network_name] No name was given. Addressing all networks of default network_group: yolov10n
[2025-03-02 11:04:45.329] [150321] [HailoRT] [info] [internal_buffer_manager.cpp:204] [print_execution_results] Planned internal buffer memory: CMA memory 0, user memory 1540096. memory to edge layer usage factor is 0.6974264
[2025-03-02 11:04:45.329] [150321] [HailoRT] [info] [internal_buffer_manager.cpp:212] [print_execution_results] Default Internal buffer planner executed successfully
[2025-03-02 11:04:45.346] [150321] [HailoRT] [info] [device_internal.cpp:57] [configure] Configuring HEF took 23.726649 milliseconds
[2025-03-02 11:04:45.346] [150321] [HailoRT] [info] [vdevice.cpp:749] [configure] Configuring HEF on VDevice took 24.045206 milliseconds
[2025-03-02 11:04:45.346] [150321] [HailoRT] [info] [infer_model.cpp:436] [configure] Configuring network group 'yolov10n' with params: batch size: 1, power mode: PERFORMANCE, latency: NONE
[2025-03-02 11:04:45.346] [150321] [HailoRT] [info] [multi_io_elements.cpp:756] [create] Created (AsyncHwEl)
[2025-03-02 11:04:45.346] [150321] [HailoRT] [info] [queue_elements.cpp:450] [create] Created (EntryPushQEl0yolov10n/input_layer1 | timeout: 10s)
[2025-03-02 11:04:45.346] [150321] [HailoRT] [info] [filter_elements.cpp:101] [create] Created (PreInferEl3yolov10n/input_layer1 | Reorder - src_order: NHWC, src_shape: (640, 640, 3), dst_order: NHCW, dst_shape: (640, 640, 3))
[2025-03-02 11:04:45.347] [150321] [HailoRT] [info] [queue_elements.cpp:450] [create] Created (PushQEl3yolov10n/input_layer1 | timeout: 10s)
[2025-03-02 11:04:45.347] [150321] [HailoRT] [info] [multi_io_elements.cpp:135] [create] Created (NmsPPMuxEl0YOLOV8-Post-Process | Op YOLOV8, Name: YOLOV8-Post-Process, Score threshold: 0.300, IoU threshold: 0.70, Classes: 80, Cross classes: false, NMS results order: BY_CLASS, Max bboxes per class: 100, Image height: 640, Image width: 640)
[2025-03-02 11:04:45.347] [150321] [HailoRT] [info] [queue_elements.cpp:942] [create] Created (MultiPushQEl0YOLOV8-Post-Process | timeout: 10s)
[2025-03-02 11:04:45.347] [150321] [HailoRT] [info] [edge_elements.cpp:187] [create] Created (LastAsyncEl0NmsPPMuxEl0YOLOV8-Post-Process)
[2025-03-02 11:04:45.347] [150321] [HailoRT] [info] [pipeline.cpp:891] [print_deep_description] EntryPushQEl0yolov10n/input_layer1 | inputs: user | outputs: PreInferEl3yolov10n/input_layer1(running in thread_id: 150331)
[2025-03-02 11:04:45.347] [150321] [HailoRT] [info] [pipeline.cpp:891] [print_deep_description] PreInferEl3yolov10n/input_layer1 | inputs: EntryPushQEl0yolov10n/input_layer1[0] | outputs: PushQEl3yolov10n/input_layer1
[2025-03-02 11:04:45.347] [150321] [HailoRT] [info] [pipeline.cpp:891] [print_deep_description] PushQEl3yolov10n/input_layer1 | inputs: PreInferEl3yolov10n/input_layer1[0] | outputs: AsyncHwEl(running in thread_id: 150332)
[2025-03-02 11:04:45.347] [150321] [HailoRT] [info] [pipeline.cpp:891] [print_deep_description] AsyncHwEl | inputs: PushQEl3yolov10n/input_layer1[0] | outputs: MultiPushQEl0YOLOV8-Post-Process MultiPushQEl0YOLOV8-Post-Process MultiPushQEl0YOLOV8-Post-Process MultiPushQEl0YOLOV8-Post-Process MultiPushQEl0YOLOV8-Post-Process MultiPushQEl0YOLOV8-Post-Process
[2025-03-02 11:04:45.347] [150321] [HailoRT] [info] [pipeline.cpp:891] [print_deep_description] MultiPushQEl0YOLOV8-Post-Process | inputs: AsyncHwEl[0] AsyncHwEl[1] AsyncHwEl[2] AsyncHwEl[3] AsyncHwEl[4] AsyncHwEl[5] | outputs: NmsPPMuxEl0YOLOV8-Post-Process(running in thread_id: 150333)
[2025-03-02 11:04:45.347] [150321] [HailoRT] [info] [pipeline.cpp:891] [print_deep_description] NmsPPMuxEl0YOLOV8-Post-Process | inputs: MultiPushQEl0YOLOV8-Post-Process[0] | outputs: LastAsyncEl0NmsPPMuxEl0YOLOV8-Post-Process
[2025-03-02 11:04:45.347] [150321] [HailoRT] [info] [pipeline.cpp:891] [print_deep_description] LastAsyncEl0NmsPPMuxEl0YOLOV8-Post-Process | inputs: NmsPPMuxEl0YOLOV8-Post-Process[0] | outputs: user
[2025-03-02 11:05:24.197] [150445] [HailoRT] [info] [vdevice.cpp:523] [create] Creating vdevice with params: device_count: 1, scheduling_algorithm: ROUND_ROBIN, multi_process_service: false
[2025-03-02 11:05:24.210] [150445] [HailoRT] [info] [device.cpp:49] [Device] OS Version: Linux 6.6.74+rpt-rpi-2712 #1 SMP PREEMPT Debian 1:6.6.74-1+rpt1 (2025-01-27) aarch64
[2025-03-02 11:05:24.211] [150445] [HailoRT] [info] [control.cpp:108] [control__parse_identify_results] firmware_version is: 4.20.0
[2025-03-02 11:05:24.211] [150445] [HailoRT] [info] [vdevice.cpp:651] [create] VDevice Infos: 0000:01:00.0
[2025-03-02 11:05:24.252] [150445] [HailoRT] [info] [hef.cpp:1929] [get_network_group_and_network_name] No name was given. Addressing all networks of default network_group: yolov10n
[2025-03-02 11:05:24.252] [150445] [HailoRT] [info] [hef.cpp:1929] [get_network_group_and_network_name] No name was given. Addressing all networks of default network_group: yolov10n
[2025-03-02 11:05:24.252] [150445] [HailoRT] [info] [hef.cpp:1929] [get_network_group_and_network_name] No name was given. Addressing all networks of default network_group: yolov10n
[2025-03-02 11:05:24.260] [150499] [HailoRT] [info] [internal_buffer_manager.cpp:204] [print_execution_results] Planned internal buffer memory: CMA memory 0, user memory 1540096. memory to edge layer usage factor is 0.6974264
[2025-03-02 11:05:24.260] [150499] [HailoRT] [info] [internal_buffer_manager.cpp:212] [print_execution_results] Default Internal buffer planner executed successfully
[2025-03-02 11:05:24.278] [150499] [HailoRT] [info] [device_internal.cpp:57] [configure] Configuring HEF took 23.896631 milliseconds
[2025-03-02 11:05:24.278] [150499] [HailoRT] [info] [vdevice.cpp:749] [configure] Configuring HEF on VDevice took 24.216615 milliseconds
[2025-03-02 11:05:24.278] [150499] [HailoRT] [info] [infer_model.cpp:436] [configure] Configuring network group 'yolov10n' with params: batch size: 1, power mode: PERFORMANCE, latency: NONE
[2025-03-02 11:05:24.278] [150499] [HailoRT] [info] [multi_io_elements.cpp:756] [create] Created (AsyncHwEl)
[2025-03-02 11:05:24.278] [150499] [HailoRT] [info] [queue_elements.cpp:450] [create] Created (EntryPushQEl0yolov10n/input_layer1 | timeout: 10s)
[2025-03-02 11:05:24.278] [150499] [HailoRT] [info] [filter_elements.cpp:101] [create] Created (PreInferEl3yolov10n/input_layer1 | Reorder - src_order: NHWC, src_shape: (640, 640, 3), dst_order: NHCW, dst_shape: (640, 640, 3))
[2025-03-02 11:05:24.278] [150499] [HailoRT] [info] [queue_elements.cpp:450] [create] Created (PushQEl3yolov10n/input_layer1 | timeout: 10s)
[2025-03-02 11:05:24.278] [150499] [HailoRT] [info] [multi_io_elements.cpp:135] [create] Created (NmsPPMuxEl0YOLOV8-Post-Process | Op YOLOV8, Name: YOLOV8-Post-Process, Score threshold: 0.300, IoU threshold: 0.70, Classes: 80, Cross classes: false, NMS results order: BY_CLASS, Max bboxes per class: 100, Image height: 640, Image width: 640)
[2025-03-02 11:05:24.279] [150499] [HailoRT] [info] [queue_elements.cpp:942] [create] Created (MultiPushQEl0YOLOV8-Post-Process | timeout: 10s)
[2025-03-02 11:05:24.279] [150499] [HailoRT] [info] [edge_elements.cpp:187] [create] Created (LastAsyncEl0NmsPPMuxEl0YOLOV8-Post-Process)
[2025-03-02 11:05:24.279] [150499] [HailoRT] [info] [pipeline.cpp:891] [print_deep_description] EntryPushQEl0yolov10n/input_layer1 | inputs: user | outputs: PreInferEl3yolov10n/input_layer1(running in thread_id: 150509)
[2025-03-02 11:05:24.279] [150499] [HailoRT] [info] [pipeline.cpp:891] [print_deep_description] PreInferEl3yolov10n/input_layer1 | inputs: EntryPushQEl0yolov10n/input_layer1[0] | outputs: PushQEl3yolov10n/input_layer1
[2025-03-02 11:05:24.279] [150499] [HailoRT] [info] [pipeline.cpp:891] [print_deep_description] PushQEl3yolov10n/input_layer1 | inputs: PreInferEl3yolov10n/input_layer1[0] | outputs: AsyncHwEl(running in thread_id: 150510)
[2025-03-02 11:05:24.279] [150499] [HailoRT] [info] [pipeline.cpp:891] [print_deep_description] AsyncHwEl | inputs: PushQEl3yolov10n/input_layer1[0] | outputs: MultiPushQEl0YOLOV8-Post-Process MultiPushQEl0YOLOV8-Post-Process MultiPushQEl0YOLOV8-Post-Process MultiPushQEl0YOLOV8-Post-Process MultiPushQEl0YOLOV8-Post-Process MultiPushQEl0YOLOV8-Post-Process
[2025-03-02 11:05:24.279] [150499] [HailoRT] [info] [pipeline.cpp:891] [print_deep_description] MultiPushQEl0YOLOV8-Post-Process | inputs: AsyncHwEl[0] AsyncHwEl[1] AsyncHwEl[2] AsyncHwEl[3] AsyncHwEl[4] AsyncHwEl[5] | outputs: NmsPPMuxEl0YOLOV8-Post-Process(running in thread_id: 150511)
[2025-03-02 11:05:24.279] [150499] [HailoRT] [info] [pipeline.cpp:891] [print_deep_description] NmsPPMuxEl0YOLOV8-Post-Process | inputs: MultiPushQEl0YOLOV8-Post-Process[0] | outputs: LastAsyncEl0NmsPPMuxEl0YOLOV8-Post-Process
[2025-03-02 11:05:24.279] [150499] [HailoRT] [info] [pipeline.cpp:891] [print_deep_description] LastAsyncEl0NmsPPMuxEl0YOLOV8-Post-Process | inputs: NmsPPMuxEl0YOLOV8-Post-Process[0] | outputs: user
